\BOOKMARK [1][-]{section.1}{\376\377\000I\000n\000t\000r\000o\000d\000u\000c\000c\000i\000\363\000n}{}% 1
\BOOKMARK [1][-]{section.2}{\376\377\000D\000i\000a\000r\000i\000o\000\040\000d\000e\000\040\000a\000v\000a\000n\000c\000e\000s}{}% 2
\BOOKMARK [2][-]{subsection.2.1}{\376\377\000S\000e\000m\000a\000n\000a\000\040\0003\000-\0001\0006\000\040\000d\000e\000\040\000m\000a\000r\000z\000o\000\051}{section.2}% 3
\BOOKMARK [2][-]{subsection.2.2}{\376\377\000S\000e\000m\000a\000n\000a\000\040\0001\0007\000-\0003\0001\000\040\000d\000e\000\040\000m\000a\000r\000z\000o\000\040\000s\000u\000n\0002\0000\0002\0004\000g\000t\000a}{section.2}% 4
\BOOKMARK [2][-]{subsection.2.3}{\376\377\000S\000e\000m\000a\000n\000a\000\040\0003\0001\000-\0006\000\040\000d\000e\000\040\000a\000b\000r\000i\000l\000\051}{section.2}% 5
\BOOKMARK [2][-]{subsection.2.4}{\376\377\000S\000e\000m\000a\000n\000a\000\040\0007\000-\0001\0003\000\040\000d\000e\000\040\000a\000b\000r\000i\000l\000\051}{section.2}% 6
\BOOKMARK [2][-]{subsection.2.5}{\376\377\000S\000e\000m\000a\000n\000a\000\040\0007\000-\0001\0003\000\040\000d\000e\000\040\000a\000b\000r\000i\000l\000\051}{section.2}% 7
\BOOKMARK [1][-]{section.3}{\376\377\000M\000o\000t\000i\000v\000a\000c\000i\000\363\000n\000\040\000y\000\040\000C\000o\000n\000t\000e\000x\000t\000o}{}% 8
\BOOKMARK [2][-]{subsection.3.1}{\376\377\000\277\000P\000o\000r\000\040\000q\000u\000\351\000\040\000e\000s\000\040\000i\000m\000p\000o\000r\000t\000a\000n\000t\000e\000\040\000e\000l\000\040\000a\000n\000\341\000l\000i\000s\000i\000s\000\040\000e\000n\000\040\000f\000\372\000t\000b\000o\000l\000\040\000a\000m\000a\000t\000e\000u\000r\000?}{section.3}% 9
\BOOKMARK [2][-]{subsection.3.2}{\376\377\000\277\000Q\000u\000\351\000\040\000p\000r\000o\000b\000l\000e\000m\000a\000\040\000h\000a\000y\000\040\000a\000c\000t\000u\000a\000l\000m\000e\000n\000t\000e\000?}{section.3}% 10
\BOOKMARK [1][-]{section.4}{\376\377\000O\000b\000j\000e\000t\000i\000v\000o\000s}{}% 11
\BOOKMARK [1][-]{section.5}{\376\377\000E\000s\000t\000a\000d\000o\000\040\000d\000e\000l\000\040\000s\000e\000c\000t\000o\000r}{}% 12
\BOOKMARK [2][-]{subsection.5.1}{\376\377\000S\000o\000l\000u\000c\000i\000o\000n\000e\000s\000\040\000e\000n\000\040\000e\000l\000\040\000\301\000m\000b\000i\000t\000o\000\040\000P\000r\000o\000f\000e\000s\000i\000o\000n\000a\000l}{section.5}% 13
\BOOKMARK [2][-]{subsection.5.2}{\376\377\000H\000e\000r\000r\000a\000m\000i\000e\000n\000t\000a\000s\000\040\000D\000i\000s\000p\000o\000n\000i\000b\000l\000e\000s\000\040\000p\000a\000r\000a\000\040\000e\000l\000\040\000F\000\372\000t\000b\000o\000l\000\040\000A\000m\000a\000t\000e\000u\000r}{section.5}% 14
\BOOKMARK [2][-]{subsection.5.3}{\376\377\000L\000i\000m\000i\000t\000a\000c\000i\000o\000n\000e\000s}{section.5}% 15
\BOOKMARK [1][-]{section.6}{\376\377\000T\000e\000c\000n\000o\000l\000o\000g\000\355\000a\000s\000\040\000e\000m\000p\000l\000e\000a\000d\000a\000s}{}% 16
\BOOKMARK [2][-]{subsection.6.1}{\376\377\000P\000r\000o\000g\000r\000a\000m\000a\000c\000i\000\363\000n}{section.6}% 17
\BOOKMARK [2][-]{subsection.6.2}{\376\377\000G\000e\000s\000t\000i\000\363\000n\000\040\000d\000e\000\040\000d\000a\000t\000o\000s\000\040\000y\000\040\000f\000l\000u\000j\000o\000\040\000d\000e\000\040\000t\000r\000a\000b\000a\000j\000o}{section.6}% 18
\BOOKMARK [2][-]{subsection.6.3}{\376\377\000M\000o\000d\000e\000l\000o\000s\000\040\000u\000t\000i\000l\000i\000z\000a\000d\000o\000s}{section.6}% 19
\BOOKMARK [1][-]{section.7}{\376\377\000M\000\363\000d\000u\000l\000o\000\040\000d\000e\000\040\000d\000e\000t\000e\000c\000c\000i\000\363\000n\000\040\000\050\000Y\000O\000L\000O\000\051}{}% 20
\BOOKMARK [2][-]{subsection.7.1}{\376\377\000A\000r\000q\000u\000i\000t\000e\000c\000t\000u\000r\000a\000\040\000Y\000O\000L\000O}{section.7}% 21
\BOOKMARK [2][-]{subsection.7.2}{\376\377\000\277\000C\000\363\000m\000o\000\040\000f\000u\000n\000c\000i\000o\000n\000a\000\040\000l\000a\000\040\000d\000e\000t\000e\000c\000c\000i\000\363\000n\000\040\000d\000e\000\040\000o\000b\000j\000e\000t\000o\000s\000\040\000c\000o\000n\000\040\000Y\000O\000L\000O\000?}{section.7}% 22
\BOOKMARK [1][-]{section.8}{\376\377\000M\000\363\000d\000u\000l\000o\000\040\000d\000e\000\040\000t\000r\000a\000c\000k\000i\000n\000g\000\040\000+\000\040\000G\000e\000s\000t\000i\000\363\000n\000\040\000d\000e\000\040\000I\000D\000s}{}% 23
\BOOKMARK [2][-]{subsection.8.1}{\376\377\000M\000\363\000d\000u\000l\000o\000\040\000d\000e\000\040\000t\000r\000a\000c\000k\000i\000n\000g}{section.8}% 24
\BOOKMARK [2][-]{subsection.8.2}{\376\377\000G\000e\000s\000t\000i\000\363\000n\000\040\000d\000e\000\040\000I\000D\000s}{section.8}% 25
\BOOKMARK [1][-]{section.9}{\376\377\000P\000r\000o\000p\000u\000e\000s\000t\000a}{}% 26
\BOOKMARK [1][-]{section.10}{\376\377\000A\000r\000q\000u\000i\000t\000e\000c\000t\000u\000r\000a\000\040\000g\000e\000n\000e\000r\000a\000l\000\040\000d\000e\000l\000\040\000s\000i\000s\000t\000e\000m\000a}{}% 27
\BOOKMARK [2][-]{subsection.10.1}{\376\377\000P\000r\000e\000p\000a\000r\000a\000r\000\040\000e\000l\000\040\000d\000a\000t\000a\000s\000e\000t\000\040\000\050\000R\000o\000b\000o\000f\000l\000o\000w\000\051}{section.10}% 28
\BOOKMARK [2][-]{subsection.10.2}{\376\377\000E\000n\000t\000r\000e\000n\000a\000m\000i\000e\000n\000t\000o\000\040\000d\000e\000l\000\040\000m\000o\000d\000e\000l\000o\000\040\000d\000e\000\040\000Y\000O\000L\000O}{section.10}% 29
\BOOKMARK [2][-]{subsection.10.3}{\376\377\000P\000r\000e\000p\000a\000r\000a\000r\000\040\000e\000l\000\040\000d\000a\000t\000a\000s\000e\000t\000\040\000d\000e\000\040\000e\000n\000t\000r\000e\000n\000a\000m\000i\000e\000n\000t\000o\000\040\000d\000e\000l\000\040\000m\000o\000d\000e\000l\000o\000\040\000d\000e\000\040\000R\000e\000I\000D}{section.10}% 30
\BOOKMARK [3][-]{subsubsection.10.3.1}{\376\377\000a\000n\000n\000o\000t\000a\000t\000e\000\137\000r\000e\000v\000i\000e\000w\000.\000p\000y}{subsection.10.3}% 31
\BOOKMARK [3][-]{subsubsection.10.3.2}{\376\377\000a\000n\000n\000o\000t\000a\000t\000e\000\137\000r\000e\000v\000i\000e\000w\000\137\000p\000r\000e\000c\000i\000s\000e\000.\000p\000y}{subsection.10.3}% 32
\BOOKMARK [3][-]{subsubsection.10.3.3}{\376\377\000d\000i\000c\000M\000a\000k\000e\000r\000\137\000i\000d\000P\000l\000a\000y\000e\000r\000.\000p\000y}{subsection.10.3}% 33
\BOOKMARK [2][-]{subsection.10.4}{\376\377\000E\000n\000t\000r\000e\000n\000a\000r\000\040\000e\000l\000\040\000m\000o\000d\000e\000l\000o\000\040\000d\000e\000\040\000R\000e\000I\000D}{section.10}% 34
\BOOKMARK [2][-]{subsection.10.5}{\376\377\000P\000r\000e\000p\000a\000r\000a\000r\000\040\000e\000l\000\040\000d\000a\000t\000a\000s\000e\000t\000\040\000d\000e\000\040\000t\000e\000s\000t\000e\000o\000\040\000d\000e\000l\000\040\000m\000o\000d\000e\000l\000o\000\040\000d\000e\000\040\000R\000e\000I\000D}{section.10}% 35
\BOOKMARK [2][-]{subsection.10.6}{\376\377\000A\000p\000l\000i\000c\000a\000r\000\040\000m\000o\000d\000e\000l\000o\000\040\000d\000e\000\040\000d\000e\000t\000e\000c\000c\000i\000\363\000n\000\040\000d\000e\000\040\000o\000b\000j\000e\000t\000o\000s\000\040\000\050\000Y\000O\000L\000O\000X\000\051}{section.10}% 36
\BOOKMARK [3][-]{subsubsection.10.6.1}{\376\377\000C\000o\000n\000f\000i\000g\000u\000r\000a\000c\000i\000\363\000n\000\040\000d\000e\000l\000\040\000M\000o\000d\000e\000l\000o\000\040\000Y\000O\000L\000O\000X\000\040\000e\000n\000\040\000y\000o\000l\000o\000x\000\137\000x\000\137\000c\000h\000\137\000s\000p\000o\000r\000t\000s\000m\000o\000t\000.\000p\000y}{subsection.10.6}% 37
\BOOKMARK [3][-]{subsubsection.10.6.2}{\376\377\000I\000m\000p\000l\000e\000m\000e\000n\000t\000a\000c\000i\000\363\000n\000\040\000e\000n\000\040\000d\000e\000m\000o\000.\000p\000y}{subsection.10.6}% 38
\BOOKMARK [2][-]{subsection.10.7}{\376\377\000A\000p\000l\000i\000c\000a\000r\000\040\000t\000r\000a\000c\000k\000e\000r\000\040\000\050\000D\000e\000e\000p\000E\000I\000o\000U\000\051\000\040\000y\000\040\000m\000o\000d\000e\000l\000o\000\040\000d\000e\000\040\000r\000e\000I\000D}{section.10}% 39
\BOOKMARK [3][-]{subsubsection.10.7.1}{\376\377\000D\000e\000e\000p\000-\000E\000I\000o\000U\000\040\000e\000n\000\040\000D\000e\000e\000p\000E\000I\000o\000U\000.\000p\000y}{subsection.10.7}% 40
\BOOKMARK [3][-]{subsubsection.10.7.2}{\376\377\000M\000o\000d\000e\000l\000o\000\040\000d\000e\000\040\000R\000e\000i\000d\000e\000n\000t\000i\000f\000i\000c\000a\000c\000i\000\363\000n\000\040\000\050\000R\000e\000I\000D\000\051}{subsection.10.7}% 41
\BOOKMARK [2][-]{subsection.10.8}{\376\377\000A\000p\000l\000i\000c\000a\000r\000\040\000G\000T\000A\000-\000L\000I\000N\000K}{section.10}% 42
\BOOKMARK [3][-]{subsubsection.10.8.1}{\376\377\000g\000e\000n\000e\000r\000a\000t\000e\000\137\000t\000r\000a\000c\000k\000l\000e\000t\000s\000.\000p\000y}{subsection.10.8}% 43
\BOOKMARK [3][-]{subsubsection.10.8.2}{\376\377\000r\000e\000f\000i\000n\000e\000\137\000t\000r\000a\000c\000k\000l\000e\000t\000s\000.\000p\000y}{subsection.10.8}% 44
\BOOKMARK [1][-]{section.11}{\376\377\000R\000e\000s\000u\000l\000t\000a\000d\000o\000s\000\040\000P\000r\000e\000l\000i\000m\000i\000n\000a\000r\000e\000s}{}% 45
\BOOKMARK [2][-]{subsection.11.1}{\376\377\000D\000e\000f\000i\000n\000i\000c\000i\000o\000n\000e\000s\000\040\000d\000e\000\040\000l\000a\000s\000\040\000m\000\351\000t\000r\000i\000c\000a\000s\000\040\000u\000s\000a\000d\000a\000s}{section.11}% 46
\BOOKMARK [3][-]{subsubsection.11.1.1}{\376\377\000R\000a\000n\000k\000-\000k\000\040\000A\000c\000c\000u\000r\000a\000c\000y\000\040\000\050\000R\000a\000n\000k\000-\0001\000,\000\040\000R\000a\000n\000k\000-\0005\000,\000\040\000R\000a\000n\000k\000-\0001\0000\000,\000\040\000e\000t\000c\000.\000\051}{subsection.11.1}% 47
\BOOKMARK [3][-]{subsubsection.11.1.2}{\376\377\000m\000A\000P\000\040\040\023\000\040\000m\000e\000a\000n\000\040\000A\000v\000e\000r\000a\000g\000e\000\040\000P\000r\000e\000c\000i\000s\000i\000o\000n}{subsection.11.1}% 48
\BOOKMARK [2][-]{subsection.11.2}{\376\377\000C\000o\000m\000p\000a\000r\000a\000c\000i\000\363\000n\000\040\000d\000e\000\040\000p\000r\000o\000t\000o\000c\000o\000l\000o\000s\000\040\000d\000e\000\040\000r\000e\000-\000i\000d\000e\000n\000t\000i\000f\000i\000c\000a\000c\000i\000\363\000n}{section.11}% 49
\BOOKMARK [3][-]{subsubsection.11.2.1}{\376\377\000E\000j\000e\000m\000p\000l\000o\000\040\000d\000e\000\040\000e\000v\000a\000l\000u\000a\000c\000i\000\363\000n\000\040\000d\000e\000\040\000R\000e\000-\000I\000d\000e\000n\000t\000i\000f\000i\000c\000a\000t\000i\000o\000n}{subsection.11.2}% 50
\BOOKMARK [2][-]{subsection.11.3}{\376\377\000E\000v\000a\000l\000u\000a\000c\000i\000\363\000n\000\040\000d\000e\000\040\000l\000a\000\040\000r\000e\000-\000i\000d\000e\000n\000t\000i\000f\000i\000c\000a\000c\000i\000\363\000n}{section.11}% 51
\BOOKMARK [3][-]{subsubsection.11.3.1}{\376\377\000Y\000O\000L\000O\000v\0001\0000}{subsection.11.3}% 52
\BOOKMARK [3][-]{subsubsection.11.3.2}{\376\377\000O\000s\000n\000e\000t\000\040\000S\000p\000o\000r\000t\000s\000m\000o\000t}{subsection.11.3}% 53
\BOOKMARK [3][-]{subsubsection.11.3.3}{\376\377\000O\000s\000n\000e\000t\000\040\000S\000o\000c\000c\000e\000r\000n\000e\000t}{subsection.11.3}% 54
\BOOKMARK [3][-]{subsubsection.11.3.4}{\376\377\000R\000e\000s\000N\000e\000t\000\040\000S\000o\000c\000c\000e\000r\000n\000e\000t}{subsection.11.3}% 55
\BOOKMARK [3][-]{subsubsection.11.3.5}{\376\377\000O\000s\000n\000e\000t\000\040\000m\000i\000\040\000d\000a\000t\000a\000s\000e\000t\000\040\000e\000s\000t\000i\000q\000u\000e\000t\000a\000d\000o}{subsection.11.3}% 56
\BOOKMARK [2][-]{subsection.11.4}{\376\377\000R\000e\000s\000u\000l\000t\000a\000d\000o\000s\000\040\000d\000e\000\040\000M\000O\000T}{section.11}% 57
\BOOKMARK [1][-]{section.12}{\376\377\000D\000i\000f\000i\000c\000u\000l\000t\000a\000d\000e\000s\000\040\000e\000n\000c\000o\000n\000t\000r\000a\000d\000a\000s}{}% 58
\BOOKMARK [1][-]{section.13}{\376\377\000C\000o\000n\000c\000l\000u\000s\000i\000o\000n\000e\000s}{}% 59
