This is pdfTeX, Version 3.141592653-2.6-1.40.26 (MiKTeX 24.4) (preloaded format=pdflatex 2024.11.12)  17 MAR 2025 12:34
entering extended mode
 restricted \write18 enabled.
 %&-line parsing enabled.
**./MAIN.tex
(MAIN.tex
LaTeX2e <2024-11-01>
L3 programming layer <2024-11-02>
(C:\Users\jismbs\AppData\Local\Programs\MiKTeX\tex/latex/base\article.cls
Document Class: article 2024/06/29 v1.4n Standard LaTeX document class
(C:\Users\jismbs\AppData\Local\Programs\MiKTeX\tex/latex/base\size12.clo
File: size12.clo 2024/06/29 v1.4n Standard LaTeX file (size option)
)
\c@part=\count196
\c@section=\count197
\c@subsection=\count198
\c@subsubsection=\count199
\c@paragraph=\count266
\c@subparagraph=\count267
\c@figure=\count268
\c@table=\count269
\abovecaptionskip=\skip49
\belowcaptionskip=\skip50
\bibindent=\dimen141
)
(C:\Users\jismbs\AppData\Local\Programs\MiKTeX\tex/latex/pdfpages\pdfpages.sty
Package: pdfpages 2024/10/28 v0.6c Insert pages of external PDF documents (AM)

(C:\Users\jismbs\AppData\Local\Programs\MiKTeX\tex/latex/base\ifthen.sty
Package: ifthen 2024/03/16 v1.1e Standard LaTeX ifthen package (DPC)
)
(C:\Users\jismbs\AppData\Local\Programs\MiKTeX\tex/latex/tools\calc.sty
Package: calc 2023/07/08 v4.3 Infix arithmetic (KKT,FJ)
\calc@Acount=\count270
\calc@Bcount=\count271
\calc@Adimen=\dimen142
\calc@Bdimen=\dimen143
\calc@Askip=\skip51
\calc@Bskip=\skip52
LaTeX Info: Redefining \setlength on input line 80.
LaTeX Info: Redefining \addtolength on input line 81.
\calc@Ccount=\count272
\calc@Cskip=\skip53
)
(C:\Users\jismbs\AppData\Local\Programs\MiKTeX\tex/latex/eso-pic\eso-pic.sty
Package: eso-pic 2023/05/03 v3.0c eso-pic (RN)
\ESO@tempdima=\dimen144
\ESO@tempdimb=\dimen145

(C:\Users\jismbs\AppData\Local\Programs\MiKTeX\tex/latex/graphics\keyval.sty
Package: keyval 2022/05/29 v1.15 key=value parser (DPC)
\KV@toks@=\toks17
)
(C:\Users\jismbs\AppData\Local\Programs\MiKTeX\tex/latex/xcolor\xcolor.sty
Package: xcolor 2024/09/29 v3.02 LaTeX color extensions (UK)

(C:\Users\jismbs\AppData\Local\Programs\MiKTeX\tex/latex/graphics-cfg\color.cfg
File: color.cfg 2016/01/02 v1.6 sample color configuration
)
Package xcolor Info: Driver file: pdftex.def on input line 274.

(C:\Users\jismbs\AppData\Local\Programs\MiKTeX\tex/latex/graphics-def\pdftex.de
f
File: pdftex.def 2024/04/13 v1.2c Graphics/color driver for pdftex
)
(C:\Users\jismbs\AppData\Local\Programs\MiKTeX\tex/latex/graphics\mathcolor.ltx
)
Package xcolor Info: Model `cmy' substituted by `cmy0' on input line 1349.
Package xcolor Info: Model `hsb' substituted by `rgb' on input line 1353.
Package xcolor Info: Model `RGB' extended on input line 1365.
Package xcolor Info: Model `HTML' substituted by `rgb' on input line 1367.
Package xcolor Info: Model `Hsb' substituted by `hsb' on input line 1368.
Package xcolor Info: Model `tHsb' substituted by `hsb' on input line 1369.
Package xcolor Info: Model `HSB' substituted by `hsb' on input line 1370.
Package xcolor Info: Model `Gray' substituted by `gray' on input line 1371.
Package xcolor Info: Model `wave' substituted by `hsb' on input line 1372.
))
(C:\Users\jismbs\AppData\Local\Programs\MiKTeX\tex/latex/graphics\graphicx.sty
Package: graphicx 2021/09/16 v1.2d Enhanced LaTeX Graphics (DPC,SPQR)

(C:\Users\jismbs\AppData\Local\Programs\MiKTeX\tex/latex/graphics\graphics.sty
Package: graphics 2024/08/06 v1.4g Standard LaTeX Graphics (DPC,SPQR)

(C:\Users\jismbs\AppData\Local\Programs\MiKTeX\tex/latex/graphics\trig.sty
Package: trig 2023/12/02 v1.11 sin cos tan (DPC)
)
(C:\Users\jismbs\AppData\Local\Programs\MiKTeX\tex/latex/graphics-cfg\graphics.
cfg
File: graphics.cfg 2016/06/04 v1.11 sample graphics configuration
)
Package graphics Info: Driver file: pdftex.def on input line 106.
)
\Gin@req@height=\dimen146
\Gin@req@width=\dimen147
)
\AM@pagewidth=\dimen148
\AM@pageheight=\dimen149
\AM@fboxrule=\dimen150

(C:\Users\jismbs\AppData\Local\Programs\MiKTeX\tex/latex/pdfpages\pppdftex.def
File: pppdftex.def 2024/10/28 v0.6c Pdfpages driver for pdfTeX (AM)
)
\pdfpages@includegraphics@status=\count273
\AM@pagebox=\box52
\AM@global@opts=\toks18
\AM@pagecnt=\count274
\AM@toc@title=\toks19
\AM@lof@heading=\toks20
\c@AM@survey=\count275
\AM@templatesizebox=\box53
)
(C:\Users\jismbs\AppData\Local\Programs\MiKTeX\tex/latex/subfiles\subfiles.sty
Package: subfiles 2020/11/14 v2.2 Multi-file projects (package)

(C:\Users\jismbs\AppData\Local\Programs\MiKTeX\tex/latex/import\import.sty
Package: import 2020/04/01  v 6.2
))
(C:\Users\jismbs\AppData\Local\Programs\MiKTeX\tex/latex/hyperref\hyperref.sty
Package: hyperref 2024-11-05 v7.01l Hypertext links for LaTeX

(C:\Users\jismbs\AppData\Local\Programs\MiKTeX\tex/generic/iftex\iftex.sty
Package: iftex 2022/02/03 v1.0f TeX engine tests
)
(C:\Users\jismbs\AppData\Local\Programs\MiKTeX\tex/latex/kvsetkeys\kvsetkeys.st
y
Package: kvsetkeys 2022-10-05 v1.19 Key value parser (HO)
)
(C:\Users\jismbs\AppData\Local\Programs\MiKTeX\tex/generic/kvdefinekeys\kvdefin
ekeys.sty
Package: kvdefinekeys 2019-12-19 v1.6 Define keys (HO)
)
(C:\Users\jismbs\AppData\Local\Programs\MiKTeX\tex/generic/pdfescape\pdfescape.
sty
Package: pdfescape 2019/12/09 v1.15 Implements pdfTeX's escape features (HO)

(C:\Users\jismbs\AppData\Local\Programs\MiKTeX\tex/generic/ltxcmds\ltxcmds.sty
Package: ltxcmds 2023-12-04 v1.26 LaTeX kernel commands for general use (HO)
)
(C:\Users\jismbs\AppData\Local\Programs\MiKTeX\tex/generic/pdftexcmds\pdftexcmd
s.sty
Package: pdftexcmds 2020-06-27 v0.33 Utility functions of pdfTeX for LuaTeX (HO
)

(C:\Users\jismbs\AppData\Local\Programs\MiKTeX\tex/generic/infwarerr\infwarerr.
sty
Package: infwarerr 2019/12/03 v1.5 Providing info/warning/error messages (HO)
)
Package pdftexcmds Info: \pdf@primitive is available.
Package pdftexcmds Info: \pdf@ifprimitive is available.
Package pdftexcmds Info: \pdfdraftmode found.
))
(C:\Users\jismbs\AppData\Local\Programs\MiKTeX\tex/latex/hycolor\hycolor.sty
Package: hycolor 2020-01-27 v1.10 Color options for hyperref/bookmark (HO)
)
(C:\Users\jismbs\AppData\Local\Programs\MiKTeX\tex/latex/hyperref\nameref.sty
Package: nameref 2023-11-26 v2.56 Cross-referencing by name of section

(C:\Users\jismbs\AppData\Local\Programs\MiKTeX\tex/latex/refcount\refcount.sty
Package: refcount 2019/12/15 v3.6 Data extraction from label references (HO)
)
(C:\Users\jismbs\AppData\Local\Programs\MiKTeX\tex/generic/gettitlestring\getti
tlestring.sty
Package: gettitlestring 2019/12/15 v1.6 Cleanup title references (HO)

(C:\Users\jismbs\AppData\Local\Programs\MiKTeX\tex/latex/kvoptions\kvoptions.st
y
Package: kvoptions 2022-06-15 v3.15 Key value format for package options (HO)
))
\c@section@level=\count276
)
(C:\Users\jismbs\AppData\Local\Programs\MiKTeX\tex/latex/etoolbox\etoolbox.sty
Package: etoolbox 2020/10/05 v2.5k e-TeX tools for LaTeX (JAW)
\etb@tempcnta=\count277
)
(C:\Users\jismbs\AppData\Local\Programs\MiKTeX\tex/generic/stringenc\stringenc.
sty
Package: stringenc 2019/11/29 v1.12 Convert strings between diff. encodings (HO
)
)
\@linkdim=\dimen151
\Hy@linkcounter=\count278
\Hy@pagecounter=\count279

(C:\Users\jismbs\AppData\Local\Programs\MiKTeX\tex/latex/hyperref\pd1enc.def
File: pd1enc.def 2024-11-05 v7.01l Hyperref: PDFDocEncoding definition (HO)
Now handling font encoding PD1 ...
... no UTF-8 mapping file for font encoding PD1
)
(C:\Users\jismbs\AppData\Local\Programs\MiKTeX\tex/generic/intcalc\intcalc.sty
Package: intcalc 2019/12/15 v1.3 Expandable calculations with integers (HO)
)
\Hy@SavedSpaceFactor=\count280
(C:\Users\jismbs\AppData\Local\Programs\MiKTeX\tex/latex/hyperref\puenc.def
File: puenc.def 2024-11-05 v7.01l Hyperref: PDF Unicode definition (HO)
Now handling font encoding PU ...
... no UTF-8 mapping file for font encoding PU
)
Package hyperref Info: Hyper figures OFF on input line 4157.
Package hyperref Info: Link nesting OFF on input line 4162.
Package hyperref Info: Hyper index ON on input line 4165.
Package hyperref Info: Plain pages OFF on input line 4172.
Package hyperref Info: Backreferencing OFF on input line 4177.
Package hyperref Info: Implicit mode ON; LaTeX internals redefined.
Package hyperref Info: Bookmarks ON on input line 4424.
\c@Hy@tempcnt=\count281

(C:\Users\jismbs\AppData\Local\Programs\MiKTeX\tex/latex/url\url.sty
\Urlmuskip=\muskip17
Package: url 2013/09/16  ver 3.4  Verb mode for urls, etc.
)
LaTeX Info: Redefining \url on input line 4763.
\XeTeXLinkMargin=\dimen152

(C:\Users\jismbs\AppData\Local\Programs\MiKTeX\tex/generic/bitset\bitset.sty
Package: bitset 2019/12/09 v1.3 Handle bit-vector datatype (HO)

(C:\Users\jismbs\AppData\Local\Programs\MiKTeX\tex/generic/bigintcalc\bigintcal
c.sty
Package: bigintcalc 2019/12/15 v1.5 Expandable calculations on big integers (HO
)
))
\Fld@menulength=\count282
\Field@Width=\dimen153
\Fld@charsize=\dimen154
Package hyperref Info: Hyper figures OFF on input line 6042.
Package hyperref Info: Link nesting OFF on input line 6047.
Package hyperref Info: Hyper index ON on input line 6050.
Package hyperref Info: backreferencing OFF on input line 6057.
Package hyperref Info: Link coloring OFF on input line 6062.
Package hyperref Info: Link coloring with OCG OFF on input line 6067.
Package hyperref Info: PDF/A mode OFF on input line 6072.

(C:\Users\jismbs\AppData\Local\Programs\MiKTeX\tex/latex/base\atbegshi-ltx.sty
Package: atbegshi-ltx 2021/01/10 v1.0c Emulation of the original atbegshi
package with kernel methods
)
\Hy@abspage=\count283
\c@Item=\count284
\c@Hfootnote=\count285
)
Package hyperref Info: Driver (autodetected): hpdftex.
 (C:\Users\jismbs\AppData\Local\Programs\MiKTeX\tex/latex/hyperref\hpdftex.def
File: hpdftex.def 2024-11-05 v7.01l Hyperref driver for pdfTeX

(C:\Users\jismbs\AppData\Local\Programs\MiKTeX\tex/latex/base\atveryend-ltx.sty
Package: atveryend-ltx 2020/08/19 v1.0a Emulation of the original atveryend pac
kage
with kernel methods
)
\Fld@listcount=\count286
\c@bookmark@seq@number=\count287

(C:\Users\jismbs\AppData\Local\Programs\MiKTeX\tex/latex/rerunfilecheck\rerunfi
lecheck.sty
Package: rerunfilecheck 2022-07-10 v1.10 Rerun checks for auxiliary files (HO)

(C:\Users\jismbs\AppData\Local\Programs\MiKTeX\tex/generic/uniquecounter\unique
counter.sty
Package: uniquecounter 2019/12/15 v1.4 Provide unlimited unique counter (HO)
)
Package uniquecounter Info: New unique counter `rerunfilecheck' on input line 2
85.
)
\Hy@SectionHShift=\skip54
)
(C:\Users\jismbs\AppData\Local\Programs\MiKTeX\tex/latex/listings\listings.sty
\lst@mode=\count288
\lst@gtempboxa=\box54
\lst@token=\toks21
\lst@length=\count289
\lst@currlwidth=\dimen155
\lst@column=\count290
\lst@pos=\count291
\lst@lostspace=\dimen156
\lst@width=\dimen157
\lst@newlines=\count292
\lst@lineno=\count293
\lst@maxwidth=\dimen158

(C:\Users\jismbs\AppData\Local\Programs\MiKTeX\tex/latex/listings\lstpatch.sty
File: lstpatch.sty 2024/09/23 1.10c (Carsten Heinz)
) (C:\Users\jismbs\AppData\Local\Programs\MiKTeX\tex/latex/listings\lstmisc.sty
File: lstmisc.sty 2024/09/23 1.10c (Carsten Heinz)
\c@lstnumber=\count294
\lst@skipnumbers=\count295
\lst@framebox=\box55
) (C:\Users\jismbs\AppData\Local\Programs\MiKTeX\tex/latex/listings\listings.cf
g
File: listings.cfg 2024/09/23 1.10c listings configuration
))
Package: listings 2024/09/23 1.10c (Carsten Heinz)
 (C:\Users\jismbs\AppData\Local\Programs\MiKTeX\tex/latex/tools\verbatim.sty
Package: verbatim 2024-01-22 v1.5x LaTeX2e package for verbatim enhancements
\every@verbatim=\toks22
\verbatim@line=\toks23
\verbatim@in@stream=\read2
) (C:\Users\jismbs\AppData\Local\Programs\MiKTeX\tex/latex/biblatex\biblatex.st
y
Package: biblatex 2024/03/21 v3.20 programmable bibliographies (PK/MW)
(C:\Users\jismbs\AppData\Local\Programs\MiKTeX\tex/latex/logreq\logreq.sty
Package: logreq 2010/08/04 v1.0 xml request logger
\lrq@indent=\count296

(C:\Users\jismbs\AppData\Local\Programs\MiKTeX\tex/latex/logreq\logreq.def
File: logreq.def 2010/08/04 v1.0 logreq spec v1.0
))
\c@tabx@nest=\count297
\c@listtotal=\count298
\c@listcount=\count299
\c@liststart=\count300
\c@liststop=\count301
\c@citecount=\count302
\c@citetotal=\count303
\c@multicitecount=\count304
\c@multicitetotal=\count305
\c@instcount=\count306
\c@maxnames=\count307
\c@minnames=\count308
\c@maxitems=\count309
\c@minitems=\count310
\c@citecounter=\count311
\c@maxcitecounter=\count312
\c@savedcitecounter=\count313
\c@uniquelist=\count314
\c@uniquename=\count315
\c@refsection=\count316
\c@refsegment=\count317
\c@maxextratitle=\count318
\c@maxextratitleyear=\count319
\c@maxextraname=\count320
\c@maxextradate=\count321
\c@maxextraalpha=\count322
\c@abbrvpenalty=\count323
\c@highnamepenalty=\count324
\c@lownamepenalty=\count325
\c@maxparens=\count326
\c@parenlevel=\count327
\blx@tempcnta=\count328
\blx@tempcntb=\count329
\blx@tempcntc=\count330
\c@blx@maxsection=\count331
\blx@maxsegment@0=\count332
\blx@notetype=\count333
\blx@parenlevel@text=\count334
\blx@parenlevel@foot=\count335
\blx@sectionciteorder@0=\count336
\blx@sectionciteorderinternal@0=\count337
\blx@entrysetcounter=\count338
\blx@biblioinstance=\count339
\labelnumberwidth=\skip55
\labelalphawidth=\skip56
\biblabelsep=\skip57
\bibitemsep=\skip58
\bibnamesep=\skip59
\bibinitsep=\skip60
\bibparsep=\skip61
\bibhang=\skip62
\blx@bcfin=\read3
\blx@bcfout=\write3
\blx@langwohyphens=\language79
\c@mincomprange=\count340
\c@maxcomprange=\count341
\c@mincompwidth=\count342
Package biblatex Info: Trying to load biblatex default data model...
Package biblatex Info: ... file 'blx-dm.def' found.

(C:\Users\jismbs\AppData\Local\Programs\MiKTeX\tex/latex/biblatex\blx-dm.def
File: blx-dm.def 2024/03/21 v3.20 biblatex datamodel (PK/MW)
)
Package biblatex Info: Trying to load biblatex style data model...
Package biblatex Info: ... file 'numeric.dbx' not found.
Package biblatex Info: Trying to load biblatex custom data model...
Package biblatex Info: ... file 'biblatex-dm.cfg' not found.
\c@afterword=\count343
\c@savedafterword=\count344
\c@annotator=\count345
\c@savedannotator=\count346
\c@author=\count347
\c@savedauthor=\count348
\c@bookauthor=\count349
\c@savedbookauthor=\count350
\c@commentator=\count351
\c@savedcommentator=\count352
\c@editor=\count353
\c@savededitor=\count354
\c@editora=\count355
\c@savededitora=\count356
\c@editorb=\count357
\c@savededitorb=\count358
\c@editorc=\count359
\c@savededitorc=\count360
\c@foreword=\count361
\c@savedforeword=\count362
\c@holder=\count363
\c@savedholder=\count364
\c@introduction=\count365
\c@savedintroduction=\count366
\c@namea=\count367
\c@savednamea=\count368
\c@nameb=\count369
\c@savednameb=\count370
\c@namec=\count371
\c@savednamec=\count372
\c@translator=\count373
\c@savedtranslator=\count374
\c@shortauthor=\count375
\c@savedshortauthor=\count376
\c@shorteditor=\count377
\c@savedshorteditor=\count378
\c@labelname=\count379
\c@savedlabelname=\count380
\c@institution=\count381
\c@savedinstitution=\count382
\c@lista=\count383
\c@savedlista=\count384
\c@listb=\count385
\c@savedlistb=\count386
\c@listc=\count387
\c@savedlistc=\count388
\c@listd=\count389
\c@savedlistd=\count390
\c@liste=\count391
\c@savedliste=\count392
\c@listf=\count393
\c@savedlistf=\count394
\c@location=\count395
\c@savedlocation=\count396
\c@organization=\count397
\c@savedorganization=\count398
\c@origlocation=\count399
\c@savedoriglocation=\count400
\c@origpublisher=\count401
\c@savedorigpublisher=\count402
\c@publisher=\count403
\c@savedpublisher=\count404
\c@language=\count405
\c@savedlanguage=\count406
\c@origlanguage=\count407
\c@savedoriglanguage=\count408
\c@pageref=\count409
\c@savedpageref=\count410
\shorthandwidth=\skip63
\shortjournalwidth=\skip64
\shortserieswidth=\skip65
\shorttitlewidth=\skip66
\shortauthorwidth=\skip67
\shorteditorwidth=\skip68
\locallabelnumberwidth=\skip69
\locallabelalphawidth=\skip70
\localshorthandwidth=\skip71
\localshortjournalwidth=\skip72
\localshortserieswidth=\skip73
\localshorttitlewidth=\skip74
\localshortauthorwidth=\skip75
\localshorteditorwidth=\skip76
Package biblatex Info: Trying to load compatibility code...
Package biblatex Info: ... file 'blx-compat.def' found.

(C:\Users\jismbs\AppData\Local\Programs\MiKTeX\tex/latex/biblatex\blx-compat.de
f
File: blx-compat.def 2024/03/21 v3.20 biblatex compatibility (PK/MW)
)
Package biblatex Info: Trying to load BibTeX backend compatibility...
Package biblatex Info: ... file 'blx-bibtex.def' found.

(C:\Users\jismbs\AppData\Local\Programs\MiKTeX\tex/latex/biblatex\blx-bibtex.de
f
File: blx-bibtex.def 2024/03/21 v3.20 biblatex compatibility (PK/MW)


Package biblatex Warning: Using fall-back bibtex backend:
(biblatex)                functionality may be reduced/unavailable.

)
Package biblatex Info: Trying to load generic definitions...
Package biblatex Info: ... file 'biblatex.def' found.

(C:\Users\jismbs\AppData\Local\Programs\MiKTeX\tex/latex/biblatex\biblatex.def
File: biblatex.def 2024/03/21 v3.20 biblatex compatibility (PK/MW)
\c@textcitecount=\count411
\c@textcitetotal=\count412
\c@textcitemaxnames=\count413
\c@biburlbigbreakpenalty=\count414
\c@biburlbreakpenalty=\count415
\c@biburlnumpenalty=\count416
\c@biburlucpenalty=\count417
\c@biburllcpenalty=\count418
\biburlbigskip=\muskip18
\biburlnumskip=\muskip19
\biburlucskip=\muskip20
\biburllcskip=\muskip21
\c@smartand=\count419
)
Package biblatex Info: Trying to load bibliography style 'numeric'...
Package biblatex Info: ... file 'numeric.bbx' found.

(C:\Users\jismbs\AppData\Local\Programs\MiKTeX\tex/latex/biblatex/bbx\numeric.b
bx
File: numeric.bbx 2024/03/21 v3.20 biblatex bibliography style (PK/MW)
Package biblatex Info: Trying to load bibliography style 'standard'...
Package biblatex Info: ... file 'standard.bbx' found.

(C:\Users\jismbs\AppData\Local\Programs\MiKTeX\tex/latex/biblatex/bbx\standard.
bbx
File: standard.bbx 2024/03/21 v3.20 biblatex bibliography style (PK/MW)
\c@bbx:relatedcount=\count420
\c@bbx:relatedtotal=\count421
))
Package biblatex Info: Trying to load citation style 'numeric'...
Package biblatex Info: ... file 'numeric.cbx' found.

(C:\Users\jismbs\AppData\Local\Programs\MiKTeX\tex/latex/biblatex/cbx\numeric.c
bx
File: numeric.cbx 2024/03/21 v3.20 biblatex citation style (PK/MW)
Package biblatex Info: Redefining '\cite'.
Package biblatex Info: Redefining '\parencite'.
Package biblatex Info: Redefining '\footcite'.
Package biblatex Info: Redefining '\footcitetext'.
Package biblatex Info: Redefining '\smartcite'.
Package biblatex Info: Redefining '\supercite'.
Package biblatex Info: Redefining '\textcite'.
Package biblatex Info: Redefining '\textcites'.
Package biblatex Info: Redefining '\cites'.
Package biblatex Info: Redefining '\parencites'.
Package biblatex Info: Redefining '\smartcites'.
)
Package biblatex Info: Trying to load configuration file...
Package biblatex Info: ... file 'biblatex.cfg' found.

(C:\Users\jismbs\AppData\Local\Programs\MiKTeX\tex/latex/biblatex\biblatex.cfg
File: biblatex.cfg 
)
Package biblatex Info: Input encoding 'utf8' detected.
Package biblatex Info: Document encoding is UTF8 ....
(C:\Users\jismbs\AppData\Local\Programs\MiKTeX\tex/latex/l3kernel\expl3.sty
Package: expl3 2024-11-02 L3 programming layer (loader) 

(C:\Users\jismbs\AppData\Local\Programs\MiKTeX\tex/latex/l3backend\l3backend-pd
ftex.def
File: l3backend-pdftex.def 2024-05-08 L3 backend support: PDF output (pdfTeX)
\l__color_backend_stack_int=\count422
\l__pdf_internal_box=\box56
))
Package biblatex Info: ... and expl3
(biblatex)             2024-11-02 L3 programming layer (loader) 
(biblatex)             is new enough (at least 2020/04/06),
(biblatex)             setting 'casechanger=expl3'.

(C:\Users\jismbs\AppData\Local\Programs\MiKTeX\tex/latex/biblatex\blx-case-expl
3.sty
(C:\Users\jismbs\AppData\Local\Programs\MiKTeX\tex/latex/l3packages/xparse\xpar
se.sty
Package: xparse 2024-08-16 L3 Experimental document command parser
)
Package: blx-case-expl3 2024/03/21 v3.20 expl3 case changing code for biblatex
))
(C:\Users\jismbs\AppData\Local\Programs\MiKTeX\tex/latex/geometry\geometry.sty
Package: geometry 2020/01/02 v5.9 Page Geometry

(C:\Users\jismbs\AppData\Local\Programs\MiKTeX\tex/generic/iftex\ifvtex.sty
Package: ifvtex 2019/10/25 v1.7 ifvtex legacy package. Use iftex instead.
)
\Gm@cnth=\count423
\Gm@cntv=\count424
\c@Gm@tempcnt=\count425
\Gm@bindingoffset=\dimen159
\Gm@wd@mp=\dimen160
\Gm@odd@mp=\dimen161
\Gm@even@mp=\dimen162
\Gm@layoutwidth=\dimen163
\Gm@layoutheight=\dimen164
\Gm@layouthoffset=\dimen165
\Gm@layoutvoffset=\dimen166
\Gm@dimlist=\toks24

(C:\Users\jismbs\AppData\Local\Programs\MiKTeX\tex/latex/geometry\geometry.cfg)
)
\@quotelevel=\count426
\@quotereset=\count427
 (MAIN.aux)
\openout1 = `MAIN.aux'.

LaTeX Font Info:    Checking defaults for OML/cmm/m/it on input line 30.
LaTeX Font Info:    ... okay on input line 30.
LaTeX Font Info:    Checking defaults for OMS/cmsy/m/n on input line 30.
LaTeX Font Info:    ... okay on input line 30.
LaTeX Font Info:    Checking defaults for OT1/cmr/m/n on input line 30.
LaTeX Font Info:    ... okay on input line 30.
LaTeX Font Info:    Checking defaults for T1/cmr/m/n on input line 30.
LaTeX Font Info:    ... okay on input line 30.
LaTeX Font Info:    Checking defaults for TS1/cmr/m/n on input line 30.
LaTeX Font Info:    ... okay on input line 30.
LaTeX Font Info:    Checking defaults for OMX/cmex/m/n on input line 30.
LaTeX Font Info:    ... okay on input line 30.
LaTeX Font Info:    Checking defaults for U/cmr/m/n on input line 30.
LaTeX Font Info:    ... okay on input line 30.
LaTeX Font Info:    Checking defaults for PD1/pdf/m/n on input line 30.
LaTeX Font Info:    ... okay on input line 30.
LaTeX Font Info:    Checking defaults for PU/pdf/m/n on input line 30.
LaTeX Font Info:    ... okay on input line 30.

(C:\Users\jismbs\AppData\Local\Programs\MiKTeX\tex/context/base/mkii\supp-pdf.m
kii
[Loading MPS to PDF converter (version 2006.09.02).]
\scratchcounter=\count428
\scratchdimen=\dimen167
\scratchbox=\box57
\nofMPsegments=\count429
\nofMParguments=\count430
\everyMPshowfont=\toks25
\MPscratchCnt=\count431
\MPscratchDim=\dimen168
\MPnumerator=\count432
\makeMPintoPDFobject=\count433
\everyMPtoPDFconversion=\toks26
)
(C:\Users\jismbs\AppData\Local\Programs\MiKTeX\tex/latex/epstopdf-pkg\epstopdf-
base.sty
Package: epstopdf-base 2020-01-24 v2.11 Base part for package epstopdf
Package epstopdf-base Info: Redefining graphics rule for `.eps' on input line 4
85.

(C:\Users\jismbs\AppData\Local\Programs\MiKTeX\tex/latex/00miktex\epstopdf-sys.
cfg
File: epstopdf-sys.cfg 2021/03/18 v2.0 Configuration of epstopdf for MiKTeX
))
(C:\Users\jismbs\AppData\Local\Programs\MiKTeX\tex/latex/pdflscape\pdflscape.st
y
Package: pdflscape 2022-10-27 v0.13 Display of landscape pages in PDF

(C:\Users\jismbs\AppData\Local\Programs\MiKTeX\tex/latex/pdflscape\pdflscape-no
metadata.sty
Package: pdflscape-nometadata 2022-10-28 v0.13 Display of landscape pages in PD
F (HO)

(C:\Users\jismbs\AppData\Local\Programs\MiKTeX\tex/latex/graphics\lscape.sty
Package: lscape 2020/05/28 v3.02 Landscape Pages (DPC)
)
Package pdflscape Info: Auto-detected driver: pdftex on input line 81.
))
Package hyperref Info: Link coloring OFF on input line 30.
(MAIN.out) (MAIN.out)
\@outlinefile=\write4
\openout4 = `MAIN.out'.

\c@lstlisting=\count434
Package biblatex Info: Trying to load language 'english'...
Package biblatex Info: ... file 'english.lbx' found.

(C:\Users\jismbs\AppData\Local\Programs\MiKTeX\tex/latex/biblatex/lbx\english.l
bx
File: english.lbx 2024/03/21 v3.20 biblatex localization (PK/MW)
)
Package biblatex Info: Input encoding 'utf8' detected.
Package biblatex Info: Automatic encoding selection.
(biblatex)             Assuming data encoding 'utf8'.
Package biblatex Info: Input encoding 'utf8' detected.
Package biblatex Info: Data encoding 'utf8' specified.
(biblatex)             No need to reencode data.
\openout3 = `MAIN-blx.bib'.

Package biblatex Info: Trying to load bibliographic data...
Package biblatex Info: ... file 'MAIN.bbl' found.
 (MAIN.bbl)
Package biblatex Info: Reference section=0 on input line 30.
Package biblatex Info: Reference segment=0 on input line 30.

*geometry* driver: auto-detecting
*geometry* detected driver: pdftex
*geometry* verbose mode - [ preamble ] result:
* driver: pdftex
* paper: a4paper
* layout: <same size as paper>
* layoutoffset:(h,v)=(0.0pt,0.0pt)
* modes: twoside 
* h-part:(L,W,R)=(85.35826pt, 426.79135pt, 85.35826pt)
* v-part:(T,H,B)=(71.13188pt, 702.78308pt, 71.13188pt)
* \paperwidth=597.50787pt
* \paperheight=845.04684pt
* \textwidth=426.79135pt
* \textheight=702.78308pt
* \oddsidemargin=13.08827pt
* \evensidemargin=13.08827pt
* \topmargin=-41.1381pt
* \headheight=15.0pt
* \headsep=25.0pt
* \topskip=12.0pt
* \footskip=30.0pt
* \marginparwidth=85.0pt
* \marginparsep=10.0pt
* \columnsep=10.0pt
* \skip\footins=10.8pt plus 4.0pt minus 2.0pt
* \hoffset=0.0pt
* \voffset=0.0pt
* \mag=1000
* \@twocolumnfalse
* \@twosidetrue
* \@mparswitchtrue
* \@reversemarginfalse
* (1in=72.27pt=25.4mm, 1cm=28.453pt)

<cover.pdf, id=19, 597.73312pt x 845.40843pt>
File: cover.pdf Graphic file (type pdf)
<use cover.pdf>
Package pdftex.def Info: cover.pdf  used on input line 33.
(pdftex.def)             Requested size: 597.73166pt x 845.40636pt.
File: cover.pdf Graphic file (type pdf)
<use cover.pdf>
Package pdftex.def Info: cover.pdf  used on input line 33.
(pdftex.def)             Requested size: 597.73166pt x 845.40636pt.
<cover.pdf, id=22, page=1, 597.73312pt x 845.40843pt>
File: cover.pdf Graphic file (type pdf)
<use cover.pdf, page 1>
Package pdftex.def Info: cover.pdf , page1 used on input line 33.
(pdftex.def)             Requested size: 597.73166pt x 845.40636pt.
File: cover.pdf Graphic file (type pdf)
<use cover.pdf, page 1>
Package pdftex.def Info: cover.pdf , page1 used on input line 33.
(pdftex.def)             Requested size: 597.73166pt x 845.40636pt.
File: cover.pdf Graphic file (type pdf)
<use cover.pdf, page 1>
Package pdftex.def Info: cover.pdf , page1 used on input line 33.
(pdftex.def)             Requested size: 597.73166pt x 845.40636pt.


File: cover.pdf Graphic file (type pdf)
<use cover.pdf, page 1>
Package pdftex.def Info: cover.pdf , page1 used on input line 33.
(pdftex.def)             Requested size: 597.73166pt x 845.40636pt.
[1


 <./cover.pdf>]
<title.pdf, id=40, 597.73312pt x 845.40843pt>
File: title.pdf Graphic file (type pdf)
<use title.pdf>
Package pdftex.def Info: title.pdf  used on input line 38.
(pdftex.def)             Requested size: 597.73166pt x 845.40636pt.
File: title.pdf Graphic file (type pdf)
<use title.pdf>
Package pdftex.def Info: title.pdf  used on input line 38.
(pdftex.def)             Requested size: 597.73166pt x 845.40636pt.
<title.pdf, id=43, page=1, 597.73312pt x 845.40843pt>
File: title.pdf Graphic file (type pdf)
<use title.pdf, page 1>
Package pdftex.def Info: title.pdf , page1 used on input line 38.
(pdftex.def)             Requested size: 597.73166pt x 845.40636pt.
File: title.pdf Graphic file (type pdf)
<use title.pdf, page 1>
Package pdftex.def Info: title.pdf , page1 used on input line 38.
(pdftex.def)             Requested size: 597.73166pt x 845.40636pt.
File: title.pdf Graphic file (type pdf)
<use title.pdf, page 1>
Package pdftex.def Info: title.pdf , page1 used on input line 38.
(pdftex.def)             Requested size: 597.73166pt x 845.40636pt.



pdfTeX warning (ext4): destination with the same identifier (name{page.1}) has 
been already used, duplicate ignored
<to be read again> 
                   \relax 
l.38 ...oscale=true, width=\paperwidth]{title.pdf}
                                                  
File: title.pdf Graphic file (type pdf)
<use title.pdf, page 1>
Package pdftex.def Info: title.pdf , page1 used on input line 38.
(pdftex.def)             Requested size: 597.73166pt x 845.40636pt.
 [1


 <./title.pdf>] (MAIN.toc
LaTeX Font Info:    External font `cmex10' loaded for size
(Font)              <12> on input line 3.
LaTeX Font Info:    External font `cmex10' loaded for size
(Font)              <8> on input line 3.
LaTeX Font Info:    External font `cmex10' loaded for size
(Font)              <6> on input line 3.
)
\tf@toc=\write5
\openout5 = `MAIN.toc'.



[2{C:/Users/jismbs/AppData/Local/MiKTeX/fonts/map/pdftex/pdftex.map}]
<image/metricasBeta.png, id=70, 310.761pt x 271.61475pt>
File: image/metricasBeta.png Graphic file (type png)
<use image/metricasBeta.png>
Package pdftex.def Info: image/metricasBeta.png  used on input line 67.
(pdftex.def)             Requested size: 341.43437pt x 298.43314pt.
<image/Centrarse.png, id=72, 418.56375pt x 122.25674pt>
File: image/Centrarse.png Graphic file (type png)
<use image/Centrarse.png>
Package pdftex.def Info: image/Centrarse.png  used on input line 76.
(pdftex.def)             Requested size: 341.43437pt x 99.72696pt.


LaTeX Warning: `h' float specifier changed to `ht'.



[3 <./image/metricasBeta.png>]

pdfTeX warning: pdflatex.exe (file ./backcover.pdf): PDF inclusion: found PDF v
ersion <1.7>, but at most version <1.5> allowed
<backcover.pdf, id=80, 597.23125pt x 845.1575pt>
File: backcover.pdf Graphic file (type pdf)
<use backcover.pdf>
Package pdftex.def Info: backcover.pdf  used on input line 89.
(pdftex.def)             Requested size: 597.22978pt x 845.15544pt.


pdfTeX warning: pdflatex.exe (file ./backcover.pdf): PDF inclusion: found PDF v
ersion <1.7>, but at most version <1.5> allowed
File: backcover.pdf Graphic file (type pdf)
<use backcover.pdf>
Package pdftex.def Info: backcover.pdf  used on input line 89.
(pdftex.def)             Requested size: 597.22978pt x 845.15544pt.


pdfTeX warning: pdflatex.exe (file ./backcover.pdf): PDF inclusion: found PDF v
ersion <1.7>, but at most version <1.5> allowed


pdfTeX warning: pdflatex.exe (file ./backcover.pdf): PDF inclusion: found PDF v
ersion <1.7>, but at most version <1.5> allowed
<backcover.pdf, id=83, page=1, 597.23125pt x 845.1575pt>
File: backcover.pdf Graphic file (type pdf)
<use backcover.pdf, page 1>
Package pdftex.def Info: backcover.pdf , page1 used on input line 89.
(pdftex.def)             Requested size: 597.22978pt x 845.15544pt.


[4]
File: backcover.pdf Graphic file (type pdf)
<use backcover.pdf, page 1>
Package pdftex.def Info: backcover.pdf , page1 used on input line 89.
(pdftex.def)             Requested size: 597.22978pt x 845.15544pt.
File: backcover.pdf Graphic file (type pdf)
<use backcover.pdf, page 1>
Package pdftex.def Info: backcover.pdf , page1 used on input line 89.
(pdftex.def)             Requested size: 597.22978pt x 845.15544pt.


File: backcover.pdf Graphic file (type pdf)
<use backcover.pdf, page 1>
Package pdftex.def Info: backcover.pdf , page1 used on input line 89.
(pdftex.def)             Requested size: 597.22978pt x 845.15544pt.
[5

 <./backcover.pdf>]

[6 <./image/Centrarse.png>] (MAIN.aux)
 ***********
LaTeX2e <2024-11-01>
L3 programming layer <2024-11-02>
 ***********
Package rerunfilecheck Info: File `MAIN.out' has not changed.
(rerunfilecheck)             Checksum: E011245E3863FB5D22B8258047F4B4FD;572.
Package logreq Info: Writing requests to 'MAIN.run.xml'.
\openout1 = `MAIN.run.xml'.

 ) 
Here is how much of TeX's memory you used:
 19172 strings out of 473681
 336538 string characters out of 5718718
 951312 words of memory out of 5000000
 42046 multiletter control sequences out of 15000+600000
 563140 words of font info for 53 fonts, out of 8000000 for 9000
 1141 hyphenation exceptions out of 8191
 75i,17n,81p,1905b,1400s stack positions out of 10000i,1000n,20000p,200000b,200000s
<C:/Users/jismbs/AppData/Local/Programs/MiKTeX/fonts/type1/public/amsfonts/cm
/cmbx12.pfb><C:/Users/jismbs/AppData/Local/Programs/MiKTeX/fonts/type1/public/a
msfonts/cm/cmcsc10.pfb><C:/Users/jismbs/AppData/Local/Programs/MiKTeX/fonts/typ
e1/public/amsfonts/cm/cmr12.pfb><C:/Users/jismbs/AppData/Local/Programs/MiKTeX/
fonts/type1/public/amsfonts/cm/cmti12.pfb><C:/Users/jismbs/AppData/Local/Progra
ms/MiKTeX/fonts/type1/public/amsfonts/cm/cmtt12.pfb>
Output written on MAIN.pdf (7 pages, 285729 bytes).
PDF statistics:
 145 PDF objects out of 1000 (max. 8388607)
 16 named destinations out of 1000 (max. 500000)
 103 words of extra memory for PDF output out of 10000 (max. 10000000)

